<?xml version="1.0" encoding="UTF-8"?>
<!-- Generated by org.testng.reporters.JUnitReportReporter -->
<testsuite hostname="WIN-C6M3PA3VFT9" name="org.seleniumqa.lesson_3.Sum" tests="1" failures="0" timestamp="25 Feb 2015 19:01:40 GMT" time="0.014" errors="0">
  <testcase name="valid_Sum" time="0.014" classname="org.seleniumqa.lesson_3.Sum"/>
</testsuite> <!-- org.seleniumqa.lesson_3.Sum -->
