<?xml version="1.0" encoding="UTF-8"?>
<!-- Generated by org.testng.reporters.JUnitReportReporter -->
<testsuite hostname="WIN-C6M3PA3VFT9" name="org.seleniumqa.lesson_6.StylusSearchTest" tests="1" failures="0" timestamp="4 Mar 2015 18:52:42 GMT" time="2.815" errors="0">
  <testcase name="searchTest" time="2.815" classname="org.seleniumqa.lesson_6.StylusSearchTest"/>
</testsuite> <!-- org.seleniumqa.lesson_6.StylusSearchTest -->
